109.05.01 16:10 B C:\Softquad\HoTMetaL PRO\Document\ppos\pos1.gif --> home7.swipnet.se /html/chess/ppos pos1.gif
109.05.01 16:10 B C:\Softquad\HoTMetaL PRO\Document\ppos\pos10.gif --> home7.swipnet.se /html/chess/ppos pos10.gif
109.05.01 16:10 B C:\Softquad\HoTMetaL PRO\Document\ppos\pos11.gif --> home7.swipnet.se /html/chess/ppos pos11.gif
109.05.01 16:10 B C:\Softquad\HoTMetaL PRO\Document\ppos\pos12.gif --> home7.swipnet.se /html/chess/ppos pos12.gif
109.05.01 16:10 B C:\Softquad\HoTMetaL PRO\Document\ppos\pos13.gif --> home7.swipnet.se /html/chess/ppos pos13.gif
109.05.01 16:10 B C:\Softquad\HoTMetaL PRO\Document\ppos\pos14.gif --> home7.swipnet.se /html/chess/ppos pos14.gif
109.05.01 16:10 B C:\Softquad\HoTMetaL PRO\Document\ppos\pos15.gif --> home7.swipnet.se /html/chess/ppos pos15.gif
109.05.01 16:10 B C:\Softquad\HoTMetaL PRO\Document\ppos\pos16.gif --> home7.swipnet.se /html/chess/ppos pos16.gif
109.05.01 16:10 B C:\Softquad\HoTMetaL PRO\Document\ppos\pos17.gif --> home7.swipnet.se /html/chess/ppos pos17.gif
109.05.01 16:10 B C:\Softquad\HoTMetaL PRO\Document\ppos\pos18.gif --> home7.swipnet.se /html/chess/ppos pos18.gif
109.05.01 16:11 B C:\Softquad\HoTMetaL PRO\Document\ppos\pos19.gif --> home7.swipnet.se /html/chess/ppos pos19.gif
109.05.01 16:11 B C:\Softquad\HoTMetaL PRO\Document\ppos\pos2.gif --> home7.swipnet.se /html/chess/ppos pos2.gif
109.05.01 16:11 B C:\Softquad\HoTMetaL PRO\Document\ppos\pos20.gif --> home7.swipnet.se /html/chess/ppos pos20.gif
109.05.01 16:11 B C:\Softquad\HoTMetaL PRO\Document\ppos\pos3.gif --> home7.swipnet.se /html/chess/ppos pos3.gif
109.05.01 16:11 B C:\Softquad\HoTMetaL PRO\Document\ppos\pos4.gif --> home7.swipnet.se /html/chess/ppos pos4.gif
109.05.01 16:11 B C:\Softquad\HoTMetaL PRO\Document\ppos\pos5.gif --> home7.swipnet.se /html/chess/ppos pos5.gif
109.05.01 16:11 B C:\Softquad\HoTMetaL PRO\Document\ppos\pos6.gif --> home7.swipnet.se /html/chess/ppos pos6.gif
109.05.01 16:11 B C:\Softquad\HoTMetaL PRO\Document\ppos\pos7.gif --> home7.swipnet.se /html/chess/ppos pos7.gif
109.05.01 16:11 B C:\Softquad\HoTMetaL PRO\Document\ppos\pos8.gif --> home7.swipnet.se /html/chess/ppos pos8.gif
109.05.01 16:11 B C:\Softquad\HoTMetaL PRO\Document\ppos\pos9.gif --> home7.swipnet.se /html/chess/ppos pos9.gif
109.05.01 16:12 B C:\Softquad\HoTMetaL PRO\Document\ppos\Thumbs.db --> home7.swipnet.se /html/chess/ppos Thumbs.db
109.05.07 11:59 B C:\Softquad\HoTMetaL PRO\Document\ppos\pos1.gif --> ftp.passagen.se /ppos pos1.gif
109.05.07 11:59 B C:\Softquad\HoTMetaL PRO\Document\ppos\pos10.gif --> ftp.passagen.se /ppos pos10.gif
109.05.07 11:59 B C:\Softquad\HoTMetaL PRO\Document\ppos\pos11.gif --> ftp.passagen.se /ppos pos11.gif
109.05.07 11:59 B C:\Softquad\HoTMetaL PRO\Document\ppos\pos12.gif --> ftp.passagen.se /ppos pos12.gif
109.05.07 11:59 B C:\Softquad\HoTMetaL PRO\Document\ppos\pos13.gif --> ftp.passagen.se /ppos pos13.gif
109.05.07 11:59 B C:\Softquad\HoTMetaL PRO\Document\ppos\pos14.gif --> ftp.passagen.se /ppos pos14.gif
109.05.07 11:59 B C:\Softquad\HoTMetaL PRO\Document\ppos\pos15.gif --> ftp.passagen.se /ppos pos15.gif
109.05.07 11:59 B C:\Softquad\HoTMetaL PRO\Document\ppos\pos16.gif --> ftp.passagen.se /ppos pos16.gif
109.05.07 11:59 B C:\Softquad\HoTMetaL PRO\Document\ppos\pos17.gif --> ftp.passagen.se /ppos pos17.gif
109.05.07 12:00 B C:\Softquad\HoTMetaL PRO\Document\ppos\pos18.gif --> ftp.passagen.se /ppos pos18.gif
109.05.07 12:00 B C:\Softquad\HoTMetaL PRO\Document\ppos\pos19.gif --> ftp.passagen.se /ppos pos19.gif
109.05.07 12:00 B C:\Softquad\HoTMetaL PRO\Document\ppos\pos2.gif --> ftp.passagen.se /ppos pos2.gif
109.05.07 12:00 B C:\Softquad\HoTMetaL PRO\Document\ppos\pos20.gif --> ftp.passagen.se /ppos pos20.gif
109.05.07 12:00 B C:\Softquad\HoTMetaL PRO\Document\ppos\pos3.gif --> ftp.passagen.se /ppos pos3.gif
109.05.07 12:00 B C:\Softquad\HoTMetaL PRO\Document\ppos\pos4.gif --> ftp.passagen.se /ppos pos4.gif
109.05.07 12:00 B C:\Softquad\HoTMetaL PRO\Document\ppos\pos5.gif --> ftp.passagen.se /ppos pos5.gif
109.05.07 12:00 B C:\Softquad\HoTMetaL PRO\Document\ppos\pos6.gif --> ftp.passagen.se /ppos pos6.gif
109.05.07 12:00 B C:\Softquad\HoTMetaL PRO\Document\ppos\pos7.gif --> ftp.passagen.se /ppos pos7.gif
109.05.07 12:00 B C:\Softquad\HoTMetaL PRO\Document\ppos\pos8.gif --> ftp.passagen.se /ppos pos8.gif
109.05.07 12:00 B C:\Softquad\HoTMetaL PRO\Document\ppos\pos9.gif --> ftp.passagen.se /ppos pos9.gif
109.05.07 12:01 B C:\Softquad\HoTMetaL PRO\Document\ppos\Thumbs.db --> ftp.passagen.se /ppos Thumbs.db
109.05.07 12:01 B C:\Softquad\HoTMetaL PRO\Document\ppos\WS_FTP.LOG --> ftp.passagen.se /ppos WS_FTP.LOG
109.10.31 15:47 B C:\Softquad\HoTMetaL PRO\Document\ppos\pos25.gif --> ftp.passagen.se /ppos pos25.gif
109.10.31 15:47 B C:\Softquad\HoTMetaL PRO\Document\ppos\pos24.gif --> ftp.passagen.se /ppos pos24.gif
109.10.31 15:47 B C:\Softquad\HoTMetaL PRO\Document\ppos\pos23.gif --> ftp.passagen.se /ppos pos23.gif
109.10.31 15:47 B C:\Softquad\HoTMetaL PRO\Document\ppos\pos22.gif --> ftp.passagen.se /ppos pos22.gif
109.10.31 15:48 B C:\Softquad\HoTMetaL PRO\Document\ppos\pos21.gif --> ftp.passagen.se /ppos pos21.gif
109.10.31 15:51 B C:\Softquad\HoTMetaL PRO\Document\ppos\pos25.gif --> home7.swipnet.se /html/chess/ppos pos25.gif
109.10.31 15:51 B C:\Softquad\HoTMetaL PRO\Document\ppos\pos24.gif --> home7.swipnet.se /html/chess/ppos pos24.gif
109.10.31 15:51 B C:\Softquad\HoTMetaL PRO\Document\ppos\pos23.gif --> home7.swipnet.se /html/chess/ppos pos23.gif
109.10.31 15:51 B C:\Softquad\HoTMetaL PRO\Document\ppos\pos22.gif --> home7.swipnet.se /html/chess/ppos pos22.gif
109.10.31 15:51 B C:\Softquad\HoTMetaL PRO\Document\ppos\pos21.gif --> home7.swipnet.se /html/chess/ppos pos21.gif
115.05.15 11:11 B C:\Program Files\SoftQuad\HoTMetaL PRO\Document\ppos\pos1.gif --> ftp.magix-online.com /bg/ppos pos1.gif
115.05.15 11:11 B C:\Program Files\SoftQuad\HoTMetaL PRO\Document\ppos\pos10.gif --> ftp.magix-online.com /bg/ppos pos10.gif
115.05.15 11:11 B C:\Program Files\SoftQuad\HoTMetaL PRO\Document\ppos\pos11.gif --> ftp.magix-online.com /bg/ppos pos11.gif
115.05.15 11:11 B C:\Program Files\SoftQuad\HoTMetaL PRO\Document\ppos\pos12.gif --> ftp.magix-online.com /bg/ppos pos12.gif
115.05.15 11:11 B C:\Program Files\SoftQuad\HoTMetaL PRO\Document\ppos\pos13.gif --> ftp.magix-online.com /bg/ppos pos13.gif
115.05.15 11:11 B C:\Program Files\SoftQuad\HoTMetaL PRO\Document\ppos\pos14.gif --> ftp.magix-online.com /bg/ppos pos14.gif
115.05.15 11:11 B C:\Program Files\SoftQuad\HoTMetaL PRO\Document\ppos\pos15.gif --> ftp.magix-online.com /bg/ppos pos15.gif
115.05.15 11:11 B C:\Program Files\SoftQuad\HoTMetaL PRO\Document\ppos\pos16.gif --> ftp.magix-online.com /bg/ppos pos16.gif
115.05.15 11:11 B C:\Program Files\SoftQuad\HoTMetaL PRO\Document\ppos\pos17.gif --> ftp.magix-online.com /bg/ppos pos17.gif
115.05.15 11:11 B C:\Program Files\SoftQuad\HoTMetaL PRO\Document\ppos\pos18.gif --> ftp.magix-online.com /bg/ppos pos18.gif
115.05.15 11:11 B C:\Program Files\SoftQuad\HoTMetaL PRO\Document\ppos\pos19.gif --> ftp.magix-online.com /bg/ppos pos19.gif
115.05.15 11:11 B C:\Program Files\SoftQuad\HoTMetaL PRO\Document\ppos\pos2.gif --> ftp.magix-online.com /bg/ppos pos2.gif
115.05.15 11:11 B C:\Program Files\SoftQuad\HoTMetaL PRO\Document\ppos\pos20.gif --> ftp.magix-online.com /bg/ppos pos20.gif
115.05.15 11:11 B C:\Program Files\SoftQuad\HoTMetaL PRO\Document\ppos\pos21.gif --> ftp.magix-online.com /bg/ppos pos21.gif
115.05.15 11:11 B C:\Program Files\SoftQuad\HoTMetaL PRO\Document\ppos\pos22.gif --> ftp.magix-online.com /bg/ppos pos22.gif
115.05.15 11:11 B C:\Program Files\SoftQuad\HoTMetaL PRO\Document\ppos\pos23.gif --> ftp.magix-online.com /bg/ppos pos23.gif
115.05.15 11:11 B C:\Program Files\SoftQuad\HoTMetaL PRO\Document\ppos\pos24.gif --> ftp.magix-online.com /bg/ppos pos24.gif
115.05.15 11:11 B C:\Program Files\SoftQuad\HoTMetaL PRO\Document\ppos\pos25.gif --> ftp.magix-online.com /bg/ppos pos25.gif
115.05.15 11:11 B C:\Program Files\SoftQuad\HoTMetaL PRO\Document\ppos\pos3.gif --> ftp.magix-online.com /bg/ppos pos3.gif
115.05.15 11:11 B C:\Program Files\SoftQuad\HoTMetaL PRO\Document\ppos\pos4.gif --> ftp.magix-online.com /bg/ppos pos4.gif
115.05.15 11:11 B C:\Program Files\SoftQuad\HoTMetaL PRO\Document\ppos\pos5.gif --> ftp.magix-online.com /bg/ppos pos5.gif
115.05.15 11:11 B C:\Program Files\SoftQuad\HoTMetaL PRO\Document\ppos\pos6.gif --> ftp.magix-online.com /bg/ppos pos6.gif
115.05.15 11:11 B C:\Program Files\SoftQuad\HoTMetaL PRO\Document\ppos\pos7.gif --> ftp.magix-online.com /bg/ppos pos7.gif
115.05.15 11:11 B C:\Program Files\SoftQuad\HoTMetaL PRO\Document\ppos\pos8.gif --> ftp.magix-online.com /bg/ppos pos8.gif
115.05.15 11:11 B C:\Program Files\SoftQuad\HoTMetaL PRO\Document\ppos\pos9.gif --> ftp.magix-online.com /bg/ppos pos9.gif
115.05.15 11:11 B C:\Program Files\SoftQuad\HoTMetaL PRO\Document\ppos\Thumbs.db --> ftp.magix-online.com /bg/ppos Thumbs.db
125.06.09 13:23 B C:\Users\mwin\Documents\Document2\bg\ppos\WS_FTP.LOG <-- magix online 2 /bg/ppos WS_FTP.LOG
